<?xml version="1.0" encoding="UTF-8"?>
<!-- Generated by org.testng.reporters.JUnitXMLReporter -->
<testsuite ignored="0" hostname="DESKTOP-APK6A01" failures="0" tests="10" name="Surefire test" time="101.411" errors="0" timestamp="22 Oct. 2022 20:51:21 GMT">
  <testcase classname="com.crm.qa.tests.ContactsPageTest" name="verifyContactsPagelable" time="0.056"/>
  <testcase classname="com.crm.qa.tests.HomePageTest" name="verifyHomePageTitleTest" time="0.016"/>
  <testcase classname="com.crm.qa.tests.LoginPageTest" name="loginPageTitleTest" time="0.008"/>
  <testcase classname="com.crm.qa.tests.HomePageTest" name="verifyUserNameTest" time="0.077"/>
  <testcase classname="com.crm.qa.tests.LoginPageTest" name="crmLogoImageTest" time="0.045"/>
  <testcase classname="com.crm.qa.tests.HomePageTest" name="verifyContactsLinkTest" time="0.888"/>
  <testcase classname="com.crm.qa.tests.LoginPageTest" name="loginTest" time="4.874"/>
  <testcase classname="com.crm.qa.tests.ContactsPageTest" name="validateCreateNewContactsTest" time="2.838"/>
  <testcase classname="com.crm.qa.tests.ContactsPageTest" name="validateCreateNewContactsTest" time="2.501"/>
  <testcase classname="com.crm.qa.tests.ContactsPageTest" name="validateCreateNewContactsTest" time="2.646"/>
</testsuite> <!-- Surefire test -->
