<?xml version="1.0" encoding="UTF-8"?>
<!-- Generated by org.testng.reporters.JUnitXMLReporter -->
<testsuite ignored="0" hostname="DESKTOP-APK6A01" failures="0" tests="10" name="Test" time="206.065" errors="0" timestamp="21 Oct. 2022 22:12:59 GMT">
  <testcase classname="com.crm.qa.tests.ContactsPageTest" name="verifyContactsPagelable" time="0.051"/>
  <testcase classname="com.crm.qa.tests.HomePageTest" name="verifyHomePageTitleTest" time="0.01"/>
  <testcase classname="com.crm.qa.tests.LoginPageTest" name="loginPageTitleTest" time="0.013"/>
  <testcase classname="com.crm.qa.tests.HomePageTest" name="verifyUserNameTest" time="0.058"/>
  <testcase classname="com.crm.qa.tests.LoginPageTest" name="crmLogoImageTest" time="0.033"/>
  <testcase classname="com.crm.qa.tests.HomePageTest" name="verifyContactsLinkTest" time="1.215"/>
  <testcase classname="com.crm.qa.tests.LoginPageTest" name="loginTest" time="10.392"/>
  <testcase classname="com.crm.qa.tests.ContactsPageTest" name="validateCreateNewContactsTest" time="3.842"/>
  <testcase classname="com.crm.qa.tests.ContactsPageTest" name="validateCreateNewContactsTest" time="7.978"/>
  <testcase classname="com.crm.qa.tests.ContactsPageTest" name="validateCreateNewContactsTest" time="3.267"/>
</testsuite> <!-- Test -->
