<?xml version="1.0" encoding="UTF-8"?>
<testng-results ignored="0" total="10" passed="10" failed="0" skipped="0">
  <reporter-output>
  </reporter-output>
  <suite started-at="2022-10-22T20:49:40Z" name="Surefire suite" finished-at="2022-10-22T20:51:21Z" duration-ms="101411">
    <groups>
    </groups>
    <test started-at="2022-10-22T20:49:40Z" name="Surefire test" finished-at="2022-10-22T20:51:21Z" duration-ms="101411">
      <class name="com.crm.qa.tests.LoginPageTest">
        <test-method is-config="true" signature="setUp()[pri:0, instance:com.crm.qa.tests.LoginPageTest@2bbaf4f0]" started-at="2022-10-22T16:50:03Z" name="setUp" finished-at="2022-10-22T16:50:07Z" duration-ms="3525" status="PASS">
          <reporter-output>
          </reporter-output>
        </test-method> <!-- setUp -->
        <test-method signature="loginPageTitleTest()[pri:1, instance:com.crm.qa.tests.LoginPageTest@2bbaf4f0]" started-at="2022-10-22T16:50:07Z" name="loginPageTitleTest" finished-at="2022-10-22T16:50:07Z" duration-ms="8" status="PASS">
          <reporter-output>
          </reporter-output>
        </test-method> <!-- loginPageTitleTest -->
        <test-method is-config="true" signature="tearDown()[pri:0, instance:com.crm.qa.tests.LoginPageTest@2bbaf4f0]" started-at="2022-10-22T16:50:07Z" name="tearDown" finished-at="2022-10-22T16:50:07Z" duration-ms="168" status="PASS">
          <reporter-output>
          </reporter-output>
        </test-method> <!-- tearDown -->
        <test-method is-config="true" signature="setUp()[pri:0, instance:com.crm.qa.tests.LoginPageTest@2bbaf4f0]" started-at="2022-10-22T16:50:18Z" name="setUp" finished-at="2022-10-22T16:50:22Z" duration-ms="4521" status="PASS">
          <reporter-output>
          </reporter-output>
        </test-method> <!-- setUp -->
        <test-method signature="crmLogoImageTest()[pri:2, instance:com.crm.qa.tests.LoginPageTest@2bbaf4f0]" started-at="2022-10-22T16:50:22Z" name="crmLogoImageTest" finished-at="2022-10-22T16:50:22Z" duration-ms="45" status="PASS">
          <reporter-output>
          </reporter-output>
        </test-method> <!-- crmLogoImageTest -->
        <test-method is-config="true" signature="tearDown()[pri:0, instance:com.crm.qa.tests.LoginPageTest@2bbaf4f0]" started-at="2022-10-22T16:50:22Z" name="tearDown" finished-at="2022-10-22T16:50:23Z" duration-ms="181" status="PASS">
          <reporter-output>
          </reporter-output>
        </test-method> <!-- tearDown -->
        <test-method is-config="true" signature="setUp()[pri:0, instance:com.crm.qa.tests.LoginPageTest@2bbaf4f0]" started-at="2022-10-22T16:50:32Z" name="setUp" finished-at="2022-10-22T16:50:37Z" duration-ms="4300" status="PASS">
          <reporter-output>
          </reporter-output>
        </test-method> <!-- setUp -->
        <test-method signature="loginTest()[pri:3, instance:com.crm.qa.tests.LoginPageTest@2bbaf4f0]" started-at="2022-10-22T16:50:37Z" name="loginTest" finished-at="2022-10-22T16:50:42Z" duration-ms="4874" status="PASS">
          <reporter-output>
          </reporter-output>
        </test-method> <!-- loginTest -->
        <test-method is-config="true" signature="tearDown()[pri:0, instance:com.crm.qa.tests.LoginPageTest@2bbaf4f0]" started-at="2022-10-22T16:50:42Z" name="tearDown" finished-at="2022-10-22T16:50:42Z" duration-ms="197" status="PASS">
          <reporter-output>
          </reporter-output>
        </test-method> <!-- tearDown -->
      </class> <!-- com.crm.qa.tests.LoginPageTest -->
      <class name="com.crm.qa.tests.HomePageTest">
        <test-method is-config="true" signature="setUp()[pri:0, instance:com.crm.qa.tests.HomePageTest@2d127a61]" started-at="2022-10-22T16:49:55Z" name="setUp" finished-at="2022-10-22T16:50:03Z" duration-ms="8339" status="PASS">
          <reporter-output>
          </reporter-output>
        </test-method> <!-- setUp -->
        <test-method signature="verifyHomePageTitleTest()[pri:1, instance:com.crm.qa.tests.HomePageTest@2d127a61]" started-at="2022-10-22T16:50:03Z" name="verifyHomePageTitleTest" finished-at="2022-10-22T16:50:03Z" duration-ms="16" status="PASS">
          <reporter-output>
          </reporter-output>
        </test-method> <!-- verifyHomePageTitleTest -->
        <test-method is-config="true" signature="tearDown()[pri:0, instance:com.crm.qa.tests.HomePageTest@2d127a61]" started-at="2022-10-22T16:50:03Z" name="tearDown" finished-at="2022-10-22T16:50:03Z" duration-ms="187" status="PASS">
          <reporter-output>
          </reporter-output>
        </test-method> <!-- tearDown -->
        <test-method is-config="true" signature="setUp()[pri:0, instance:com.crm.qa.tests.HomePageTest@2d127a61]" started-at="2022-10-22T16:50:07Z" name="setUp" finished-at="2022-10-22T16:50:18Z" duration-ms="10405" status="PASS">
          <reporter-output>
          </reporter-output>
        </test-method> <!-- setUp -->
        <test-method signature="verifyUserNameTest()[pri:2, instance:com.crm.qa.tests.HomePageTest@2d127a61]" started-at="2022-10-22T16:50:18Z" name="verifyUserNameTest" finished-at="2022-10-22T16:50:18Z" duration-ms="77" status="PASS">
          <reporter-output>
          </reporter-output>
        </test-method> <!-- verifyUserNameTest -->
        <test-method is-config="true" signature="tearDown()[pri:0, instance:com.crm.qa.tests.HomePageTest@2d127a61]" started-at="2022-10-22T16:50:18Z" name="tearDown" finished-at="2022-10-22T16:50:18Z" duration-ms="166" status="PASS">
          <reporter-output>
          </reporter-output>
        </test-method> <!-- tearDown -->
        <test-method is-config="true" signature="setUp()[pri:0, instance:com.crm.qa.tests.HomePageTest@2d127a61]" started-at="2022-10-22T16:50:23Z" name="setUp" finished-at="2022-10-22T16:50:31Z" duration-ms="8898" status="PASS">
          <reporter-output>
          </reporter-output>
        </test-method> <!-- setUp -->
        <test-method signature="verifyContactsLinkTest()[pri:3, instance:com.crm.qa.tests.HomePageTest@2d127a61]" started-at="2022-10-22T16:50:31Z" name="verifyContactsLinkTest" finished-at="2022-10-22T16:50:32Z" duration-ms="888" status="PASS">
          <reporter-output>
          </reporter-output>
        </test-method> <!-- verifyContactsLinkTest -->
        <test-method is-config="true" signature="tearDown()[pri:0, instance:com.crm.qa.tests.HomePageTest@2d127a61]" started-at="2022-10-22T16:50:32Z" name="tearDown" finished-at="2022-10-22T16:50:32Z" duration-ms="173" status="PASS">
          <reporter-output>
          </reporter-output>
        </test-method> <!-- tearDown -->
      </class> <!-- com.crm.qa.tests.HomePageTest -->
      <class name="com.crm.qa.tests.ContactsPageTest">
        <test-method is-config="true" signature="setUp()[pri:0, instance:com.crm.qa.tests.ContactsPageTest@69a10787]" started-at="2022-10-22T16:49:40Z" name="setUp" finished-at="2022-10-22T16:49:55Z" duration-ms="14657" status="PASS">
          <reporter-output>
          </reporter-output>
        </test-method> <!-- setUp -->
        <test-method signature="verifyContactsPagelable()[pri:1, instance:com.crm.qa.tests.ContactsPageTest@69a10787]" started-at="2022-10-22T16:49:55Z" name="verifyContactsPagelable" finished-at="2022-10-22T16:49:55Z" duration-ms="56" status="PASS">
          <reporter-output>
          </reporter-output>
        </test-method> <!-- verifyContactsPagelable -->
        <test-method is-config="true" signature="tearDown()[pri:0, instance:com.crm.qa.tests.ContactsPageTest@69a10787]" started-at="2022-10-22T16:49:55Z" name="tearDown" finished-at="2022-10-22T16:49:55Z" duration-ms="243" status="PASS">
          <reporter-output>
          </reporter-output>
        </test-method> <!-- tearDown -->
        <test-method is-config="true" signature="setUp()[pri:0, instance:com.crm.qa.tests.ContactsPageTest@69a10787]" started-at="2022-10-22T16:50:43Z" name="setUp" finished-at="2022-10-22T16:50:52Z" duration-ms="8822" status="PASS">
          <reporter-output>
          </reporter-output>
        </test-method> <!-- setUp -->
        <test-method signature="validateCreateNewContactsTest(java.lang.String, java.lang.String, java.lang.String, java.lang.String)[pri:4, instance:com.crm.qa.tests.ContactsPageTest@69a10787]" started-at="2022-10-22T16:50:52Z" name="validateCreateNewContactsTest" data-provider="getCRMTestData" finished-at="2022-10-22T16:50:54Z" duration-ms="2838" status="PASS">
          <params>
            <param index="0">
              <value>
                <![CDATA[Mr.]]>
              </value>
            </param>
            <param index="1">
              <value>
                <![CDATA[Tom]]>
              </value>
            </param>
            <param index="2">
              <value>
                <![CDATA[Peter]]>
              </value>
            </param>
            <param index="3">
              <value>
                <![CDATA[Google]]>
              </value>
            </param>
          </params>
          <reporter-output>
          </reporter-output>
        </test-method> <!-- validateCreateNewContactsTest -->
        <test-method is-config="true" signature="tearDown()[pri:0, instance:com.crm.qa.tests.ContactsPageTest@69a10787]" started-at="2022-10-22T16:50:54Z" name="tearDown" finished-at="2022-10-22T16:50:55Z" duration-ms="255" status="PASS">
          <reporter-output>
          </reporter-output>
        </test-method> <!-- tearDown -->
        <test-method is-config="true" signature="setUp()[pri:0, instance:com.crm.qa.tests.ContactsPageTest@69a10787]" started-at="2022-10-22T16:50:55Z" name="setUp" finished-at="2022-10-22T16:51:05Z" duration-ms="10008" status="PASS">
          <reporter-output>
          </reporter-output>
        </test-method> <!-- setUp -->
        <test-method signature="validateCreateNewContactsTest(java.lang.String, java.lang.String, java.lang.String, java.lang.String)[pri:4, instance:com.crm.qa.tests.ContactsPageTest@69a10787]" started-at="2022-10-22T16:51:05Z" name="validateCreateNewContactsTest" data-provider="getCRMTestData" finished-at="2022-10-22T16:51:07Z" duration-ms="2501" status="PASS">
          <params>
            <param index="0">
              <value>
                <![CDATA[Dr.]]>
              </value>
            </param>
            <param index="1">
              <value>
                <![CDATA[David]]>
              </value>
            </param>
            <param index="2">
              <value>
                <![CDATA[Crish]]>
              </value>
            </param>
            <param index="3">
              <value>
                <![CDATA[Amazon]]>
              </value>
            </param>
          </params>
          <reporter-output>
          </reporter-output>
        </test-method> <!-- validateCreateNewContactsTest -->
        <test-method is-config="true" signature="tearDown()[pri:0, instance:com.crm.qa.tests.ContactsPageTest@69a10787]" started-at="2022-10-22T16:51:07Z" name="tearDown" finished-at="2022-10-22T16:51:07Z" duration-ms="205" status="PASS">
          <reporter-output>
          </reporter-output>
        </test-method> <!-- tearDown -->
        <test-method is-config="true" signature="setUp()[pri:0, instance:com.crm.qa.tests.ContactsPageTest@69a10787]" started-at="2022-10-22T16:51:07Z" name="setUp" finished-at="2022-10-22T16:51:18Z" duration-ms="11123" status="PASS">
          <reporter-output>
          </reporter-output>
        </test-method> <!-- setUp -->
        <test-method signature="validateCreateNewContactsTest(java.lang.String, java.lang.String, java.lang.String, java.lang.String)[pri:4, instance:com.crm.qa.tests.ContactsPageTest@69a10787]" started-at="2022-10-22T16:51:18Z" name="validateCreateNewContactsTest" data-provider="getCRMTestData" finished-at="2022-10-22T16:51:21Z" duration-ms="2646" status="PASS">
          <params>
            <param index="0">
              <value>
                <![CDATA[Mrs.]]>
              </value>
            </param>
            <param index="1">
              <value>
                <![CDATA[Mukta]]>
              </value>
            </param>
            <param index="2">
              <value>
                <![CDATA[Sharma]]>
              </value>
            </param>
            <param index="3">
              <value>
                <![CDATA[Ebay]]>
              </value>
            </param>
          </params>
          <reporter-output>
          </reporter-output>
        </test-method> <!-- validateCreateNewContactsTest -->
        <test-method is-config="true" signature="tearDown()[pri:0, instance:com.crm.qa.tests.ContactsPageTest@69a10787]" started-at="2022-10-22T16:51:21Z" name="tearDown" finished-at="2022-10-22T16:51:21Z" duration-ms="202" status="PASS">
          <reporter-output>
          </reporter-output>
        </test-method> <!-- tearDown -->
      </class> <!-- com.crm.qa.tests.ContactsPageTest -->
    </test> <!-- Surefire test -->
  </suite> <!-- Surefire suite -->
</testng-results>
