<?xml version="1.0" encoding="UTF-8"?>
<testng-results ignored="0" total="10" passed="10" failed="0" skipped="0">
  <reporter-output>
  </reporter-output>
  <suite started-at="2022-10-21T22:09:33Z" name="Suite" finished-at="2022-10-21T22:12:59Z" duration-ms="206065">
    <groups>
    </groups>
    <test started-at="2022-10-21T22:09:33Z" name="Test" finished-at="2022-10-21T22:12:59Z" duration-ms="206065">
      <class name="com.crm.qa.tests.LoginPageTest">
        <test-method is-config="true" signature="setUp()[pri:0, instance:com.crm.qa.tests.LoginPageTest@2f54a33d]" started-at="2022-10-21T18:10:41Z" name="setUp" finished-at="2022-10-21T18:10:47Z" duration-ms="6749" status="PASS">
          <reporter-output>
          </reporter-output>
        </test-method> <!-- setUp -->
        <test-method signature="loginPageTitleTest()[pri:1, instance:com.crm.qa.tests.LoginPageTest@2f54a33d]" started-at="2022-10-21T18:10:47Z" name="loginPageTitleTest" finished-at="2022-10-21T18:10:47Z" duration-ms="13" status="PASS">
          <reporter-output>
          </reporter-output>
        </test-method> <!-- loginPageTitleTest -->
        <test-method is-config="true" signature="tearDown()[pri:0, instance:com.crm.qa.tests.LoginPageTest@2f54a33d]" started-at="2022-10-21T18:10:47Z" name="tearDown" finished-at="2022-10-21T18:10:48Z" duration-ms="540" status="PASS">
          <reporter-output>
          </reporter-output>
        </test-method> <!-- tearDown -->
        <test-method is-config="true" signature="setUp()[pri:0, instance:com.crm.qa.tests.LoginPageTest@2f54a33d]" started-at="2022-10-21T18:11:04Z" name="setUp" finished-at="2022-10-21T18:11:12Z" duration-ms="7315" status="PASS">
          <reporter-output>
          </reporter-output>
        </test-method> <!-- setUp -->
        <test-method signature="crmLogoImageTest()[pri:2, instance:com.crm.qa.tests.LoginPageTest@2f54a33d]" started-at="2022-10-21T18:11:12Z" name="crmLogoImageTest" finished-at="2022-10-21T18:11:12Z" duration-ms="33" status="PASS">
          <reporter-output>
          </reporter-output>
        </test-method> <!-- crmLogoImageTest -->
        <test-method is-config="true" signature="tearDown()[pri:0, instance:com.crm.qa.tests.LoginPageTest@2f54a33d]" started-at="2022-10-21T18:11:12Z" name="tearDown" finished-at="2022-10-21T18:11:12Z" duration-ms="443" status="PASS">
          <reporter-output>
          </reporter-output>
        </test-method> <!-- tearDown -->
        <test-method is-config="true" signature="setUp()[pri:0, instance:com.crm.qa.tests.LoginPageTest@2f54a33d]" started-at="2022-10-21T18:11:30Z" name="setUp" finished-at="2022-10-21T18:11:36Z" duration-ms="6801" status="PASS">
          <reporter-output>
          </reporter-output>
        </test-method> <!-- setUp -->
        <test-method signature="loginTest()[pri:3, instance:com.crm.qa.tests.LoginPageTest@2f54a33d]" started-at="2022-10-21T18:11:36Z" name="loginTest" finished-at="2022-10-21T18:11:47Z" duration-ms="10392" status="PASS">
          <reporter-output>
          </reporter-output>
        </test-method> <!-- loginTest -->
        <test-method is-config="true" signature="tearDown()[pri:0, instance:com.crm.qa.tests.LoginPageTest@2f54a33d]" started-at="2022-10-21T18:11:47Z" name="tearDown" finished-at="2022-10-21T18:11:48Z" duration-ms="690" status="PASS">
          <reporter-output>
          </reporter-output>
        </test-method> <!-- tearDown -->
      </class> <!-- com.crm.qa.tests.LoginPageTest -->
      <class name="com.crm.qa.tests.HomePageTest">
        <test-method is-config="true" signature="setUp()[pri:0, instance:com.crm.qa.tests.HomePageTest@60015ef5]" started-at="2022-10-21T18:10:22Z" name="setUp" finished-at="2022-10-21T18:10:40Z" duration-ms="17780" status="PASS">
          <reporter-output>
          </reporter-output>
        </test-method> <!-- setUp -->
        <test-method signature="verifyHomePageTitleTest()[pri:1, instance:com.crm.qa.tests.HomePageTest@60015ef5]" started-at="2022-10-21T18:10:40Z" name="verifyHomePageTitleTest" finished-at="2022-10-21T18:10:40Z" duration-ms="10" status="PASS">
          <reporter-output>
          </reporter-output>
        </test-method> <!-- verifyHomePageTitleTest -->
        <test-method is-config="true" signature="tearDown()[pri:0, instance:com.crm.qa.tests.HomePageTest@60015ef5]" started-at="2022-10-21T18:10:40Z" name="tearDown" finished-at="2022-10-21T18:10:41Z" duration-ms="698" status="PASS">
          <reporter-output>
          </reporter-output>
        </test-method> <!-- tearDown -->
        <test-method is-config="true" signature="setUp()[pri:0, instance:com.crm.qa.tests.HomePageTest@60015ef5]" started-at="2022-10-21T18:10:48Z" name="setUp" finished-at="2022-10-21T18:11:04Z" duration-ms="15775" status="PASS">
          <reporter-output>
          </reporter-output>
        </test-method> <!-- setUp -->
        <test-method signature="verifyUserNameTest()[pri:2, instance:com.crm.qa.tests.HomePageTest@60015ef5]" started-at="2022-10-21T18:11:04Z" name="verifyUserNameTest" finished-at="2022-10-21T18:11:04Z" duration-ms="58" status="PASS">
          <reporter-output>
          </reporter-output>
        </test-method> <!-- verifyUserNameTest -->
        <test-method is-config="true" signature="tearDown()[pri:0, instance:com.crm.qa.tests.HomePageTest@60015ef5]" started-at="2022-10-21T18:11:04Z" name="tearDown" finished-at="2022-10-21T18:11:04Z" duration-ms="550" status="PASS">
          <reporter-output>
          </reporter-output>
        </test-method> <!-- tearDown -->
        <test-method is-config="true" signature="setUp()[pri:0, instance:com.crm.qa.tests.HomePageTest@60015ef5]" started-at="2022-10-21T18:11:12Z" name="setUp" finished-at="2022-10-21T18:11:28Z" duration-ms="15721" status="PASS">
          <reporter-output>
          </reporter-output>
        </test-method> <!-- setUp -->
        <test-method signature="verifyContactsLinkTest()[pri:3, instance:com.crm.qa.tests.HomePageTest@60015ef5]" started-at="2022-10-21T18:11:28Z" name="verifyContactsLinkTest" finished-at="2022-10-21T18:11:29Z" duration-ms="1215" status="PASS">
          <reporter-output>
          </reporter-output>
        </test-method> <!-- verifyContactsLinkTest -->
        <test-method is-config="true" signature="tearDown()[pri:0, instance:com.crm.qa.tests.HomePageTest@60015ef5]" started-at="2022-10-21T18:11:29Z" name="tearDown" finished-at="2022-10-21T18:11:30Z" duration-ms="752" status="PASS">
          <reporter-output>
          </reporter-output>
        </test-method> <!-- tearDown -->
      </class> <!-- com.crm.qa.tests.HomePageTest -->
      <class name="com.crm.qa.tests.ContactsPageTest">
        <test-method is-config="true" signature="setUp()[pri:0, instance:com.crm.qa.tests.ContactsPageTest@55740540]" started-at="2022-10-21T18:09:33Z" name="setUp" finished-at="2022-10-21T18:10:21Z" duration-ms="48028" status="PASS">
          <reporter-output>
          </reporter-output>
        </test-method> <!-- setUp -->
        <test-method signature="verifyContactsPagelable()[pri:1, instance:com.crm.qa.tests.ContactsPageTest@55740540]" started-at="2022-10-21T18:10:21Z" name="verifyContactsPagelable" finished-at="2022-10-21T18:10:21Z" duration-ms="51" status="PASS">
          <reporter-output>
          </reporter-output>
        </test-method> <!-- verifyContactsPagelable -->
        <test-method is-config="true" signature="tearDown()[pri:0, instance:com.crm.qa.tests.ContactsPageTest@55740540]" started-at="2022-10-21T18:10:21Z" name="tearDown" finished-at="2022-10-21T18:10:22Z" duration-ms="691" status="PASS">
          <reporter-output>
          </reporter-output>
        </test-method> <!-- tearDown -->
        <test-method is-config="true" signature="setUp()[pri:0, instance:com.crm.qa.tests.ContactsPageTest@55740540]" started-at="2022-10-21T18:11:48Z" name="setUp" finished-at="2022-10-21T18:12:07Z" duration-ms="18253" status="PASS">
          <reporter-output>
          </reporter-output>
        </test-method> <!-- setUp -->
        <test-method signature="validateCreateNewContactsTest(java.lang.String, java.lang.String, java.lang.String, java.lang.String)[pri:4, instance:com.crm.qa.tests.ContactsPageTest@55740540]" started-at="2022-10-21T18:12:07Z" name="validateCreateNewContactsTest" data-provider="getCRMTestData" finished-at="2022-10-21T18:12:10Z" duration-ms="3842" status="PASS">
          <params>
            <param index="0">
              <value>
                <![CDATA[Mr.]]>
              </value>
            </param>
            <param index="1">
              <value>
                <![CDATA[Tom]]>
              </value>
            </param>
            <param index="2">
              <value>
                <![CDATA[Peter]]>
              </value>
            </param>
            <param index="3">
              <value>
                <![CDATA[Google]]>
              </value>
            </param>
          </params>
          <reporter-output>
          </reporter-output>
        </test-method> <!-- validateCreateNewContactsTest -->
        <test-method is-config="true" signature="tearDown()[pri:0, instance:com.crm.qa.tests.ContactsPageTest@55740540]" started-at="2022-10-21T18:12:10Z" name="tearDown" finished-at="2022-10-21T18:12:11Z" duration-ms="743" status="PASS">
          <reporter-output>
          </reporter-output>
        </test-method> <!-- tearDown -->
        <test-method is-config="true" signature="setUp()[pri:0, instance:com.crm.qa.tests.ContactsPageTest@55740540]" started-at="2022-10-21T18:12:11Z" name="setUp" finished-at="2022-10-21T18:12:29Z" duration-ms="17720" status="PASS">
          <reporter-output>
          </reporter-output>
        </test-method> <!-- setUp -->
        <test-method signature="validateCreateNewContactsTest(java.lang.String, java.lang.String, java.lang.String, java.lang.String)[pri:4, instance:com.crm.qa.tests.ContactsPageTest@55740540]" started-at="2022-10-21T18:12:29Z" name="validateCreateNewContactsTest" data-provider="getCRMTestData" finished-at="2022-10-21T18:12:37Z" duration-ms="7978" status="PASS">
          <params>
            <param index="0">
              <value>
                <![CDATA[Dr.]]>
              </value>
            </param>
            <param index="1">
              <value>
                <![CDATA[David]]>
              </value>
            </param>
            <param index="2">
              <value>
                <![CDATA[Crish]]>
              </value>
            </param>
            <param index="3">
              <value>
                <![CDATA[Amazon]]>
              </value>
            </param>
          </params>
          <reporter-output>
          </reporter-output>
        </test-method> <!-- validateCreateNewContactsTest -->
        <test-method is-config="true" signature="tearDown()[pri:0, instance:com.crm.qa.tests.ContactsPageTest@55740540]" started-at="2022-10-21T18:12:37Z" name="tearDown" finished-at="2022-10-21T18:12:38Z" duration-ms="749" status="PASS">
          <reporter-output>
          </reporter-output>
        </test-method> <!-- tearDown -->
        <test-method is-config="true" signature="setUp()[pri:0, instance:com.crm.qa.tests.ContactsPageTest@55740540]" started-at="2022-10-21T18:12:38Z" name="setUp" finished-at="2022-10-21T18:12:55Z" duration-ms="17799" status="PASS">
          <reporter-output>
          </reporter-output>
        </test-method> <!-- setUp -->
        <test-method signature="validateCreateNewContactsTest(java.lang.String, java.lang.String, java.lang.String, java.lang.String)[pri:4, instance:com.crm.qa.tests.ContactsPageTest@55740540]" started-at="2022-10-21T18:12:55Z" name="validateCreateNewContactsTest" data-provider="getCRMTestData" finished-at="2022-10-21T18:12:59Z" duration-ms="3267" status="PASS">
          <params>
            <param index="0">
              <value>
                <![CDATA[Mrs.]]>
              </value>
            </param>
            <param index="1">
              <value>
                <![CDATA[Mukta]]>
              </value>
            </param>
            <param index="2">
              <value>
                <![CDATA[Sharma]]>
              </value>
            </param>
            <param index="3">
              <value>
                <![CDATA[Ebay]]>
              </value>
            </param>
          </params>
          <reporter-output>
          </reporter-output>
        </test-method> <!-- validateCreateNewContactsTest -->
        <test-method is-config="true" signature="tearDown()[pri:0, instance:com.crm.qa.tests.ContactsPageTest@55740540]" started-at="2022-10-21T18:12:59Z" name="tearDown" finished-at="2022-10-21T18:12:59Z" duration-ms="662" status="PASS">
          <reporter-output>
          </reporter-output>
        </test-method> <!-- tearDown -->
      </class> <!-- com.crm.qa.tests.ContactsPageTest -->
    </test> <!-- Test -->
  </suite> <!-- Suite -->
</testng-results>
